<?xml version="1.0" encoding="UTF-8"?>
<testsuite xmlns:xsi="http://www.w3.org/2001/XMLSchema-instance" xsi:noNamespaceSchemaLocation="https://maven.apache.org/surefire/maven-surefire-plugin/xsd/surefire-test-report-3.0.xsd" version="3.0" name="br.edu.escola.swingapp.application.ReportCardUseCaseTest" time="1.722" tests="5" errors="0" skipped="0" failures="0">
  <properties>
[...]
</properties>
  <testcase name="shouldThrowExceptionWhenStudentNotFoundForUpdate" classname="br.edu.escola.swingapp.application.ReportCardUseCaseTest" time="1.67"/>
  <testcase name="shouldGetSituationCorrectly" classname="br.edu.escola.swingapp.application.ReportCardUseCaseTest" time="0.015"/>
  <testcase name="shouldGetAverageCorrectly" classname="br.edu.escola.swingapp.application.ReportCardUseCaseTest" time="0.005"/>
  <testcase name="shouldReturnZeroExpectedWhenNoReportCard" classname="br.edu.escola.swingapp.application.ReportCardUseCaseTest" time="0.004"/>
  <testcase name="shouldUpdateReportCardSuccessfully" classname="br.edu.escola.swingapp.application.ReportCardUseCaseTest" time="0.003"/>
</testsuite>